WARNING:root:No News API Key Provided
DEBUG:urllib3.connectionpool:Starting new HTTPS connection (1): api.coronavirus.data.gov.uk:443
DEBUG:urllib3.connectionpool:https://api.coronavirus.data.gov.uk:443 "GET /v1/data?filters=areaName%3DExeter%3BareaType%3Dltla&structure=%7B%22areaCode%22%3A%22areaCode%22%2C%22areaName%22%3A%22areaName%22%2C%22areaType%22%3A%22areaType%22%2C%22date%22%3A%22date%22%2C%22cumDailyNsoDeathsByDeathDate%22%3A%22cumDailyNsoDeathsByDeathDate%22%2C%22hospitalCases%22%3A%22hospitalCases%22%2C%22newCasesBySpecimenDate%22%3A%22newCasesBySpecimenDate%22%7D&format=json&page=1 HTTP/1.1" 200 None
DEBUG:urllib3.connectionpool:Starting new HTTPS connection (1): api.coronavirus.data.gov.uk:443
DEBUG:urllib3.connectionpool:https://api.coronavirus.data.gov.uk:443 "GET /v1/data?filters=areaName%3DExeter%3BareaType%3Dltla&structure=%7B%22areaCode%22%3A%22areaCode%22%2C%22areaName%22%3A%22areaName%22%2C%22areaType%22%3A%22areaType%22%2C%22date%22%3A%22date%22%2C%22cumDailyNsoDeathsByDeathDate%22%3A%22cumDailyNsoDeathsByDeathDate%22%2C%22hospitalCases%22%3A%22hospitalCases%22%2C%22newCasesBySpecimenDate%22%3A%22newCasesBySpecimenDate%22%7D&format=json&page=2 HTTP/1.1" 204 0
DEBUG:urllib3.connectionpool:Starting new HTTPS connection (1): api.coronavirus.data.gov.uk:443
DEBUG:urllib3.connectionpool:https://api.coronavirus.data.gov.uk:443 "GET /v1/data?filters=areaName%3DEngland%3BareaType%3Dnation&structure=%7B%22areaCode%22%3A%22areaCode%22%2C%22areaName%22%3A%22areaName%22%2C%22areaType%22%3A%22areaType%22%2C%22date%22%3A%22date%22%2C%22cumDailyNsoDeathsByDeathDate%22%3A%22cumDailyNsoDeathsByDeathDate%22%2C%22hospitalCases%22%3A%22hospitalCases%22%2C%22newCasesBySpecimenDate%22%3A%22newCasesBySpecimenDate%22%7D&format=json&page=1 HTTP/1.1" 200 None
DEBUG:urllib3.connectionpool:Starting new HTTPS connection (1): api.coronavirus.data.gov.uk:443
DEBUG:urllib3.connectionpool:https://api.coronavirus.data.gov.uk:443 "GET /v1/data?filters=areaName%3DEngland%3BareaType%3Dnation&structure=%7B%22areaCode%22%3A%22areaCode%22%2C%22areaName%22%3A%22areaName%22%2C%22areaType%22%3A%22areaType%22%2C%22date%22%3A%22date%22%2C%22cumDailyNsoDeathsByDeathDate%22%3A%22cumDailyNsoDeathsByDeathDate%22%2C%22hospitalCases%22%3A%22hospitalCases%22%2C%22newCasesBySpecimenDate%22%3A%22newCasesBySpecimenDate%22%7D&format=json&page=2 HTTP/1.1" 204 0
INFO:werkzeug: * Running on http://127.0.0.1:5000/ (Press CTRL+C to quit)
WARNING:root:No News API Key Provided
DEBUG:urllib3.connectionpool:Starting new HTTPS connection (1): api.coronavirus.data.gov.uk:443
DEBUG:urllib3.connectionpool:https://api.coronavirus.data.gov.uk:443 "GET /v1/data?filters=areaName%3DExeter%3BareaType%3Dltla&structure=%7B%22areaCode%22%3A%22areaCode%22%2C%22areaName%22%3A%22areaName%22%2C%22areaType%22%3A%22areaType%22%2C%22date%22%3A%22date%22%2C%22cumDailyNsoDeathsByDeathDate%22%3A%22cumDailyNsoDeathsByDeathDate%22%2C%22hospitalCases%22%3A%22hospitalCases%22%2C%22newCasesBySpecimenDate%22%3A%22newCasesBySpecimenDate%22%7D&format=json&page=1 HTTP/1.1" 200 None
DEBUG:urllib3.connectionpool:Starting new HTTPS connection (1): api.coronavirus.data.gov.uk:443
DEBUG:urllib3.connectionpool:https://api.coronavirus.data.gov.uk:443 "GET /v1/data?filters=areaName%3DExeter%3BareaType%3Dltla&structure=%7B%22areaCode%22%3A%22areaCode%22%2C%22areaName%22%3A%22areaName%22%2C%22areaType%22%3A%22areaType%22%2C%22date%22%3A%22date%22%2C%22cumDailyNsoDeathsByDeathDate%22%3A%22cumDailyNsoDeathsByDeathDate%22%2C%22hospitalCases%22%3A%22hospitalCases%22%2C%22newCasesBySpecimenDate%22%3A%22newCasesBySpecimenDate%22%7D&format=json&page=2 HTTP/1.1" 204 0
DEBUG:urllib3.connectionpool:Starting new HTTPS connection (1): api.coronavirus.data.gov.uk:443
DEBUG:urllib3.connectionpool:https://api.coronavirus.data.gov.uk:443 "GET /v1/data?filters=areaName%3DEngland%3BareaType%3Dnation&structure=%7B%22areaCode%22%3A%22areaCode%22%2C%22areaName%22%3A%22areaName%22%2C%22areaType%22%3A%22areaType%22%2C%22date%22%3A%22date%22%2C%22cumDailyNsoDeathsByDeathDate%22%3A%22cumDailyNsoDeathsByDeathDate%22%2C%22hospitalCases%22%3A%22hospitalCases%22%2C%22newCasesBySpecimenDate%22%3A%22newCasesBySpecimenDate%22%7D&format=json&page=1 HTTP/1.1" 200 None
DEBUG:urllib3.connectionpool:Starting new HTTPS connection (1): api.coronavirus.data.gov.uk:443
DEBUG:urllib3.connectionpool:https://api.coronavirus.data.gov.uk:443 "GET /v1/data?filters=areaName%3DEngland%3BareaType%3Dnation&structure=%7B%22areaCode%22%3A%22areaCode%22%2C%22areaName%22%3A%22areaName%22%2C%22areaType%22%3A%22areaType%22%2C%22date%22%3A%22date%22%2C%22cumDailyNsoDeathsByDeathDate%22%3A%22cumDailyNsoDeathsByDeathDate%22%2C%22hospitalCases%22%3A%22hospitalCases%22%2C%22newCasesBySpecimenDate%22%3A%22newCasesBySpecimenDate%22%7D&format=json&page=2 HTTP/1.1" 204 0
INFO:werkzeug: * Running on http://127.0.0.1:5000/ (Press CTRL+C to quit)
DEBUG:urllib3.connectionpool:Starting new HTTPS connection (1): api.coronavirus.data.gov.uk:443
DEBUG:urllib3.connectionpool:https://api.coronavirus.data.gov.uk:443 "GET /v1/data?filters=areaName%3DExeter%3BareaType%3Dltla&structure=%7B%22areaCode%22%3A%22areaCode%22%2C%22areaName%22%3A%22areaName%22%2C%22areaType%22%3A%22areaType%22%2C%22date%22%3A%22date%22%2C%22cumDailyNsoDeathsByDeathDate%22%3A%22cumDailyNsoDeathsByDeathDate%22%2C%22hospitalCases%22%3A%22hospitalCases%22%2C%22newCasesBySpecimenDate%22%3A%22newCasesBySpecimenDate%22%7D&format=json&page=1 HTTP/1.1" 200 None
DEBUG:urllib3.connectionpool:Starting new HTTPS connection (1): api.coronavirus.data.gov.uk:443
DEBUG:urllib3.connectionpool:https://api.coronavirus.data.gov.uk:443 "GET /v1/data?filters=areaName%3DExeter%3BareaType%3Dltla&structure=%7B%22areaCode%22%3A%22areaCode%22%2C%22areaName%22%3A%22areaName%22%2C%22areaType%22%3A%22areaType%22%2C%22date%22%3A%22date%22%2C%22cumDailyNsoDeathsByDeathDate%22%3A%22cumDailyNsoDeathsByDeathDate%22%2C%22hospitalCases%22%3A%22hospitalCases%22%2C%22newCasesBySpecimenDate%22%3A%22newCasesBySpecimenDate%22%7D&format=json&page=2 HTTP/1.1" 204 0
DEBUG:urllib3.connectionpool:Starting new HTTPS connection (1): api.coronavirus.data.gov.uk:443
DEBUG:urllib3.connectionpool:https://api.coronavirus.data.gov.uk:443 "GET /v1/data?filters=areaName%3DExeter%3BareaType%3Dltla&structure=%7B%22areaCode%22%3A%22areaCode%22%2C%22areaName%22%3A%22areaName%22%2C%22areaType%22%3A%22areaType%22%2C%22date%22%3A%22date%22%2C%22cumDailyNsoDeathsByDeathDate%22%3A%22cumDailyNsoDeathsByDeathDate%22%2C%22hospitalCases%22%3A%22hospitalCases%22%2C%22newCasesBySpecimenDate%22%3A%22newCasesBySpecimenDate%22%7D&format=json&page=1 HTTP/1.1" 200 None
DEBUG:urllib3.connectionpool:Starting new HTTPS connection (1): api.coronavirus.data.gov.uk:443
DEBUG:urllib3.connectionpool:https://api.coronavirus.data.gov.uk:443 "GET /v1/data?filters=areaName%3DExeter%3BareaType%3Dltla&structure=%7B%22areaCode%22%3A%22areaCode%22%2C%22areaName%22%3A%22areaName%22%2C%22areaType%22%3A%22areaType%22%2C%22date%22%3A%22date%22%2C%22cumDailyNsoDeathsByDeathDate%22%3A%22cumDailyNsoDeathsByDeathDate%22%2C%22hospitalCases%22%3A%22hospitalCases%22%2C%22newCasesBySpecimenDate%22%3A%22newCasesBySpecimenDate%22%7D&format=json&page=2 HTTP/1.1" 204 0
DEBUG:urllib3.connectionpool:Starting new HTTPS connection (1): api.coronavirus.data.gov.uk:443
DEBUG:urllib3.connectionpool:https://api.coronavirus.data.gov.uk:443 "GET /v1/data?filters=areaName%3Dabc%3BareaType%3DNation&structure=%7B%22areaCode%22%3A%22areaCode%22%2C%22areaName%22%3A%22areaName%22%2C%22areaType%22%3A%22areaType%22%2C%22date%22%3A%22date%22%2C%22cumDailyNsoDeathsByDeathDate%22%3A%22cumDailyNsoDeathsByDeathDate%22%2C%22hospitalCases%22%3A%22hospitalCases%22%2C%22newCasesBySpecimenDate%22%3A%22newCasesBySpecimenDate%22%7D&format=json&page=1 HTTP/1.1" 204 0
DEBUG:urllib3.connectionpool:Starting new HTTPS connection (1): api.coronavirus.data.gov.uk:443
DEBUG:urllib3.connectionpool:https://api.coronavirus.data.gov.uk:443 "HEAD /v1/data?filters=areaName%3Dabc%3BareaType%3DNation&structure=%7B%22areaCode%22%3A%22areaCode%22%2C%22areaName%22%3A%22areaName%22%2C%22areaType%22%3A%22areaType%22%2C%22date%22%3A%22date%22%2C%22cumDailyNsoDeathsByDeathDate%22%3A%22cumDailyNsoDeathsByDeathDate%22%2C%22hospitalCases%22%3A%22hospitalCases%22%2C%22newCasesBySpecimenDate%22%3A%22newCasesBySpecimenDate%22%7D HTTP/1.1" 204 0
ERROR:root:No key provided in config file
WARNING:root:No News API Key Provided
ERROR:root:Error in news_API_request
WARNING:root:No News API Key Provided
ERROR:root:Error with update_news function
WARNING:root:No News API Key Provided
ERROR:root:Error in update news
INFO:root:Tests completed running
INFO:werkzeug:127.0.0.1 - - [08/Dec/2021 11:17:32] "GET /index HTTP/1.1" 200 -
INFO:werkzeug:127.0.0.1 - - [08/Dec/2021 11:17:32] "GET /static/images/covid_image.jpeg HTTP/1.1" 200 -
WARNING:root:No News API Key Provided
DEBUG:urllib3.connectionpool:Starting new HTTPS connection (1): api.coronavirus.data.gov.uk:443
DEBUG:urllib3.connectionpool:https://api.coronavirus.data.gov.uk:443 "GET /v1/data?filters=areaName%3DExeter%3BareaType%3Dltla&structure=%7B%22areaCode%22%3A%22areaCode%22%2C%22areaName%22%3A%22areaName%22%2C%22areaType%22%3A%22areaType%22%2C%22date%22%3A%22date%22%2C%22cumDailyNsoDeathsByDeathDate%22%3A%22cumDailyNsoDeathsByDeathDate%22%2C%22hospitalCases%22%3A%22hospitalCases%22%2C%22newCasesBySpecimenDate%22%3A%22newCasesBySpecimenDate%22%7D&format=json&page=1 HTTP/1.1" 200 None
DEBUG:urllib3.connectionpool:Starting new HTTPS connection (1): api.coronavirus.data.gov.uk:443
DEBUG:urllib3.connectionpool:https://api.coronavirus.data.gov.uk:443 "GET /v1/data?filters=areaName%3DExeter%3BareaType%3Dltla&structure=%7B%22areaCode%22%3A%22areaCode%22%2C%22areaName%22%3A%22areaName%22%2C%22areaType%22%3A%22areaType%22%2C%22date%22%3A%22date%22%2C%22cumDailyNsoDeathsByDeathDate%22%3A%22cumDailyNsoDeathsByDeathDate%22%2C%22hospitalCases%22%3A%22hospitalCases%22%2C%22newCasesBySpecimenDate%22%3A%22newCasesBySpecimenDate%22%7D&format=json&page=2 HTTP/1.1" 204 0
DEBUG:urllib3.connectionpool:Starting new HTTPS connection (1): api.coronavirus.data.gov.uk:443
DEBUG:urllib3.connectionpool:https://api.coronavirus.data.gov.uk:443 "GET /v1/data?filters=areaName%3DEngland%3BareaType%3Dnation&structure=%7B%22areaCode%22%3A%22areaCode%22%2C%22areaName%22%3A%22areaName%22%2C%22areaType%22%3A%22areaType%22%2C%22date%22%3A%22date%22%2C%22cumDailyNsoDeathsByDeathDate%22%3A%22cumDailyNsoDeathsByDeathDate%22%2C%22hospitalCases%22%3A%22hospitalCases%22%2C%22newCasesBySpecimenDate%22%3A%22newCasesBySpecimenDate%22%7D&format=json&page=1 HTTP/1.1" 200 None
DEBUG:urllib3.connectionpool:Starting new HTTPS connection (1): api.coronavirus.data.gov.uk:443
DEBUG:urllib3.connectionpool:https://api.coronavirus.data.gov.uk:443 "GET /v1/data?filters=areaName%3DEngland%3BareaType%3Dnation&structure=%7B%22areaCode%22%3A%22areaCode%22%2C%22areaName%22%3A%22areaName%22%2C%22areaType%22%3A%22areaType%22%2C%22date%22%3A%22date%22%2C%22cumDailyNsoDeathsByDeathDate%22%3A%22cumDailyNsoDeathsByDeathDate%22%2C%22hospitalCases%22%3A%22hospitalCases%22%2C%22newCasesBySpecimenDate%22%3A%22newCasesBySpecimenDate%22%7D&format=json&page=2 HTTP/1.1" 204 0
INFO:werkzeug: * Running on http://127.0.0.1:5000/ (Press CTRL+C to quit)
DEBUG:urllib3.connectionpool:Starting new HTTPS connection (1): api.coronavirus.data.gov.uk:443
DEBUG:urllib3.connectionpool:https://api.coronavirus.data.gov.uk:443 "GET /v1/data?filters=areaName%3DExeter%3BareaType%3Dltla&structure=%7B%22areaCode%22%3A%22areaCode%22%2C%22areaName%22%3A%22areaName%22%2C%22areaType%22%3A%22areaType%22%2C%22date%22%3A%22date%22%2C%22cumDailyNsoDeathsByDeathDate%22%3A%22cumDailyNsoDeathsByDeathDate%22%2C%22hospitalCases%22%3A%22hospitalCases%22%2C%22newCasesBySpecimenDate%22%3A%22newCasesBySpecimenDate%22%7D&format=json&page=1 HTTP/1.1" 200 None
DEBUG:urllib3.connectionpool:Starting new HTTPS connection (1): api.coronavirus.data.gov.uk:443
DEBUG:urllib3.connectionpool:https://api.coronavirus.data.gov.uk:443 "GET /v1/data?filters=areaName%3DExeter%3BareaType%3Dltla&structure=%7B%22areaCode%22%3A%22areaCode%22%2C%22areaName%22%3A%22areaName%22%2C%22areaType%22%3A%22areaType%22%2C%22date%22%3A%22date%22%2C%22cumDailyNsoDeathsByDeathDate%22%3A%22cumDailyNsoDeathsByDeathDate%22%2C%22hospitalCases%22%3A%22hospitalCases%22%2C%22newCasesBySpecimenDate%22%3A%22newCasesBySpecimenDate%22%7D&format=json&page=2 HTTP/1.1" 204 0
DEBUG:urllib3.connectionpool:Starting new HTTPS connection (1): api.coronavirus.data.gov.uk:443
DEBUG:urllib3.connectionpool:https://api.coronavirus.data.gov.uk:443 "GET /v1/data?filters=areaName%3DExeter%3BareaType%3Dltla&structure=%7B%22areaCode%22%3A%22areaCode%22%2C%22areaName%22%3A%22areaName%22%2C%22areaType%22%3A%22areaType%22%2C%22date%22%3A%22date%22%2C%22cumDailyNsoDeathsByDeathDate%22%3A%22cumDailyNsoDeathsByDeathDate%22%2C%22hospitalCases%22%3A%22hospitalCases%22%2C%22newCasesBySpecimenDate%22%3A%22newCasesBySpecimenDate%22%7D&format=json&page=1 HTTP/1.1" 200 None
DEBUG:urllib3.connectionpool:Starting new HTTPS connection (1): api.coronavirus.data.gov.uk:443
DEBUG:urllib3.connectionpool:https://api.coronavirus.data.gov.uk:443 "GET /v1/data?filters=areaName%3DExeter%3BareaType%3Dltla&structure=%7B%22areaCode%22%3A%22areaCode%22%2C%22areaName%22%3A%22areaName%22%2C%22areaType%22%3A%22areaType%22%2C%22date%22%3A%22date%22%2C%22cumDailyNsoDeathsByDeathDate%22%3A%22cumDailyNsoDeathsByDeathDate%22%2C%22hospitalCases%22%3A%22hospitalCases%22%2C%22newCasesBySpecimenDate%22%3A%22newCasesBySpecimenDate%22%7D&format=json&page=2 HTTP/1.1" 204 0
DEBUG:urllib3.connectionpool:Starting new HTTPS connection (1): api.coronavirus.data.gov.uk:443
DEBUG:urllib3.connectionpool:https://api.coronavirus.data.gov.uk:443 "GET /v1/data?filters=areaName%3Dabc%3BareaType%3DNation&structure=%7B%22areaCode%22%3A%22areaCode%22%2C%22areaName%22%3A%22areaName%22%2C%22areaType%22%3A%22areaType%22%2C%22date%22%3A%22date%22%2C%22cumDailyNsoDeathsByDeathDate%22%3A%22cumDailyNsoDeathsByDeathDate%22%2C%22hospitalCases%22%3A%22hospitalCases%22%2C%22newCasesBySpecimenDate%22%3A%22newCasesBySpecimenDate%22%7D&format=json&page=1 HTTP/1.1" 204 0
DEBUG:urllib3.connectionpool:Starting new HTTPS connection (1): api.coronavirus.data.gov.uk:443
DEBUG:urllib3.connectionpool:https://api.coronavirus.data.gov.uk:443 "HEAD /v1/data?filters=areaName%3Dabc%3BareaType%3DNation&structure=%7B%22areaCode%22%3A%22areaCode%22%2C%22areaName%22%3A%22areaName%22%2C%22areaType%22%3A%22areaType%22%2C%22date%22%3A%22date%22%2C%22cumDailyNsoDeathsByDeathDate%22%3A%22cumDailyNsoDeathsByDeathDate%22%2C%22hospitalCases%22%3A%22hospitalCases%22%2C%22newCasesBySpecimenDate%22%3A%22newCasesBySpecimenDate%22%7D HTTP/1.1" 204 0
ERROR:root:No key provided in config file
WARNING:root:No News API Key Provided
ERROR:root:Error in news_API_request
WARNING:root:No News API Key Provided
ERROR:root:Error with update_news function
WARNING:root:No News API Key Provided
ERROR:root:Error in update news
INFO:root:Tests completed running
INFO:werkzeug:127.0.0.1 - - [08/Dec/2021 11:25:10] "GET /index HTTP/1.1" 200 -
INFO:werkzeug:127.0.0.1 - - [08/Dec/2021 11:25:11] "[36mGET /static/images/covid_image.jpeg HTTP/1.1[0m" 304 -
INFO:werkzeug:127.0.0.1 - - [08/Dec/2021 11:26:11] "GET /index HTTP/1.1" 200 -
INFO:werkzeug:127.0.0.1 - - [08/Dec/2021 11:26:11] "[36mGET /static/images/covid_image.jpeg HTTP/1.1[0m" 304 -
INFO:werkzeug:127.0.0.1 - - [08/Dec/2021 11:27:11] "GET /index HTTP/1.1" 200 -
INFO:werkzeug:127.0.0.1 - - [08/Dec/2021 11:27:11] "[36mGET /static/images/covid_image.jpeg HTTP/1.1[0m" 304 -
INFO:werkzeug:127.0.0.1 - - [08/Dec/2021 11:28:11] "GET /index HTTP/1.1" 200 -
INFO:werkzeug:127.0.0.1 - - [08/Dec/2021 11:28:11] "[36mGET /static/images/covid_image.jpeg HTTP/1.1[0m" 304 -
INFO:werkzeug:127.0.0.1 - - [08/Dec/2021 11:29:12] "GET /index HTTP/1.1" 200 -
INFO:werkzeug:127.0.0.1 - - [08/Dec/2021 11:29:12] "[36mGET /static/images/covid_image.jpeg HTTP/1.1[0m" 304 -
INFO:werkzeug:127.0.0.1 - - [08/Dec/2021 11:30:12] "GET /index HTTP/1.1" 200 -
INFO:werkzeug:127.0.0.1 - - [08/Dec/2021 11:30:12] "[36mGET /static/images/covid_image.jpeg HTTP/1.1[0m" 304 -
WARNING:root:No News API Key Provided
DEBUG:urllib3.connectionpool:Starting new HTTPS connection (1): api.coronavirus.data.gov.uk:443
DEBUG:urllib3.connectionpool:https://api.coronavirus.data.gov.uk:443 "GET /v1/data?filters=areaName%3DExeter%3BareaType%3Dltla&structure=%7B%22areaCode%22%3A%22areaCode%22%2C%22areaName%22%3A%22areaName%22%2C%22areaType%22%3A%22areaType%22%2C%22date%22%3A%22date%22%2C%22cumDailyNsoDeathsByDeathDate%22%3A%22cumDailyNsoDeathsByDeathDate%22%2C%22hospitalCases%22%3A%22hospitalCases%22%2C%22newCasesBySpecimenDate%22%3A%22newCasesBySpecimenDate%22%7D&format=json&page=1 HTTP/1.1" 200 None
DEBUG:urllib3.connectionpool:Starting new HTTPS connection (1): api.coronavirus.data.gov.uk:443
DEBUG:urllib3.connectionpool:https://api.coronavirus.data.gov.uk:443 "GET /v1/data?filters=areaName%3DExeter%3BareaType%3Dltla&structure=%7B%22areaCode%22%3A%22areaCode%22%2C%22areaName%22%3A%22areaName%22%2C%22areaType%22%3A%22areaType%22%2C%22date%22%3A%22date%22%2C%22cumDailyNsoDeathsByDeathDate%22%3A%22cumDailyNsoDeathsByDeathDate%22%2C%22hospitalCases%22%3A%22hospitalCases%22%2C%22newCasesBySpecimenDate%22%3A%22newCasesBySpecimenDate%22%7D&format=json&page=2 HTTP/1.1" 204 0
DEBUG:urllib3.connectionpool:Starting new HTTPS connection (1): api.coronavirus.data.gov.uk:443
DEBUG:urllib3.connectionpool:https://api.coronavirus.data.gov.uk:443 "GET /v1/data?filters=areaName%3DEngland%3BareaType%3Dnation&structure=%7B%22areaCode%22%3A%22areaCode%22%2C%22areaName%22%3A%22areaName%22%2C%22areaType%22%3A%22areaType%22%2C%22date%22%3A%22date%22%2C%22cumDailyNsoDeathsByDeathDate%22%3A%22cumDailyNsoDeathsByDeathDate%22%2C%22hospitalCases%22%3A%22hospitalCases%22%2C%22newCasesBySpecimenDate%22%3A%22newCasesBySpecimenDate%22%7D&format=json&page=1 HTTP/1.1" 200 None
DEBUG:urllib3.connectionpool:Starting new HTTPS connection (1): api.coronavirus.data.gov.uk:443
DEBUG:urllib3.connectionpool:https://api.coronavirus.data.gov.uk:443 "GET /v1/data?filters=areaName%3DEngland%3BareaType%3Dnation&structure=%7B%22areaCode%22%3A%22areaCode%22%2C%22areaName%22%3A%22areaName%22%2C%22areaType%22%3A%22areaType%22%2C%22date%22%3A%22date%22%2C%22cumDailyNsoDeathsByDeathDate%22%3A%22cumDailyNsoDeathsByDeathDate%22%2C%22hospitalCases%22%3A%22hospitalCases%22%2C%22newCasesBySpecimenDate%22%3A%22newCasesBySpecimenDate%22%7D&format=json&page=2 HTTP/1.1" 204 0
INFO:werkzeug: * Running on http://127.0.0.1:5000/ (Press CTRL+C to quit)
DEBUG:urllib3.connectionpool:Starting new HTTPS connection (1): api.coronavirus.data.gov.uk:443
DEBUG:urllib3.connectionpool:https://api.coronavirus.data.gov.uk:443 "GET /v1/data?filters=areaName%3DExeter%3BareaType%3Dltla&structure=%7B%22areaCode%22%3A%22areaCode%22%2C%22areaName%22%3A%22areaName%22%2C%22areaType%22%3A%22areaType%22%2C%22date%22%3A%22date%22%2C%22cumDailyNsoDeathsByDeathDate%22%3A%22cumDailyNsoDeathsByDeathDate%22%2C%22hospitalCases%22%3A%22hospitalCases%22%2C%22newCasesBySpecimenDate%22%3A%22newCasesBySpecimenDate%22%7D&format=json&page=1 HTTP/1.1" 200 None
DEBUG:urllib3.connectionpool:Starting new HTTPS connection (1): api.coronavirus.data.gov.uk:443
DEBUG:urllib3.connectionpool:https://api.coronavirus.data.gov.uk:443 "GET /v1/data?filters=areaName%3DExeter%3BareaType%3Dltla&structure=%7B%22areaCode%22%3A%22areaCode%22%2C%22areaName%22%3A%22areaName%22%2C%22areaType%22%3A%22areaType%22%2C%22date%22%3A%22date%22%2C%22cumDailyNsoDeathsByDeathDate%22%3A%22cumDailyNsoDeathsByDeathDate%22%2C%22hospitalCases%22%3A%22hospitalCases%22%2C%22newCasesBySpecimenDate%22%3A%22newCasesBySpecimenDate%22%7D&format=json&page=2 HTTP/1.1" 204 0
DEBUG:urllib3.connectionpool:Starting new HTTPS connection (1): api.coronavirus.data.gov.uk:443
DEBUG:urllib3.connectionpool:https://api.coronavirus.data.gov.uk:443 "GET /v1/data?filters=areaName%3DExeter%3BareaType%3Dltla&structure=%7B%22areaCode%22%3A%22areaCode%22%2C%22areaName%22%3A%22areaName%22%2C%22areaType%22%3A%22areaType%22%2C%22date%22%3A%22date%22%2C%22cumDailyNsoDeathsByDeathDate%22%3A%22cumDailyNsoDeathsByDeathDate%22%2C%22hospitalCases%22%3A%22hospitalCases%22%2C%22newCasesBySpecimenDate%22%3A%22newCasesBySpecimenDate%22%7D&format=json&page=1 HTTP/1.1" 200 None
DEBUG:urllib3.connectionpool:Starting new HTTPS connection (1): api.coronavirus.data.gov.uk:443
DEBUG:urllib3.connectionpool:https://api.coronavirus.data.gov.uk:443 "GET /v1/data?filters=areaName%3DExeter%3BareaType%3Dltla&structure=%7B%22areaCode%22%3A%22areaCode%22%2C%22areaName%22%3A%22areaName%22%2C%22areaType%22%3A%22areaType%22%2C%22date%22%3A%22date%22%2C%22cumDailyNsoDeathsByDeathDate%22%3A%22cumDailyNsoDeathsByDeathDate%22%2C%22hospitalCases%22%3A%22hospitalCases%22%2C%22newCasesBySpecimenDate%22%3A%22newCasesBySpecimenDate%22%7D&format=json&page=2 HTTP/1.1" 204 0
DEBUG:urllib3.connectionpool:Starting new HTTPS connection (1): api.coronavirus.data.gov.uk:443
DEBUG:urllib3.connectionpool:https://api.coronavirus.data.gov.uk:443 "GET /v1/data?filters=areaName%3Dabc%3BareaType%3DNation&structure=%7B%22areaCode%22%3A%22areaCode%22%2C%22areaName%22%3A%22areaName%22%2C%22areaType%22%3A%22areaType%22%2C%22date%22%3A%22date%22%2C%22cumDailyNsoDeathsByDeathDate%22%3A%22cumDailyNsoDeathsByDeathDate%22%2C%22hospitalCases%22%3A%22hospitalCases%22%2C%22newCasesBySpecimenDate%22%3A%22newCasesBySpecimenDate%22%7D&format=json&page=1 HTTP/1.1" 204 0
DEBUG:urllib3.connectionpool:Starting new HTTPS connection (1): api.coronavirus.data.gov.uk:443
DEBUG:urllib3.connectionpool:https://api.coronavirus.data.gov.uk:443 "HEAD /v1/data?filters=areaName%3Dabc%3BareaType%3DNation&structure=%7B%22areaCode%22%3A%22areaCode%22%2C%22areaName%22%3A%22areaName%22%2C%22areaType%22%3A%22areaType%22%2C%22date%22%3A%22date%22%2C%22cumDailyNsoDeathsByDeathDate%22%3A%22cumDailyNsoDeathsByDeathDate%22%2C%22hospitalCases%22%3A%22hospitalCases%22%2C%22newCasesBySpecimenDate%22%3A%22newCasesBySpecimenDate%22%7D HTTP/1.1" 204 0
ERROR:root:No key provided in config file
WARNING:root:No News API Key Provided
ERROR:root:Error in news_API_request
WARNING:root:No News API Key Provided
ERROR:root:Error with update_news function
WARNING:root:No News API Key Provided
ERROR:root:Error in update news
INFO:root:Tests completed running
INFO:werkzeug:127.0.0.1 - - [08/Dec/2021 11:31:15] "GET /index HTTP/1.1" 200 -
INFO:werkzeug:127.0.0.1 - - [08/Dec/2021 11:31:15] "[36mGET /static/images/covid_image.jpeg HTTP/1.1[0m" 304 -
INFO:werkzeug:127.0.0.1 - - [08/Dec/2021 11:32:17] "GET /index HTTP/1.1" 200 -
INFO:werkzeug:127.0.0.1 - - [08/Dec/2021 11:32:17] "[36mGET /static/images/covid_image.jpeg HTTP/1.1[0m" 304 -
WARNING:root:No News API Key Provided
DEBUG:urllib3.connectionpool:Starting new HTTPS connection (1): api.coronavirus.data.gov.uk:443
DEBUG:urllib3.connectionpool:https://api.coronavirus.data.gov.uk:443 "GET /v1/data?filters=areaName%3DExeter%3BareaType%3Dltla&structure=%7B%22areaCode%22%3A%22areaCode%22%2C%22areaName%22%3A%22areaName%22%2C%22areaType%22%3A%22areaType%22%2C%22date%22%3A%22date%22%2C%22cumDailyNsoDeathsByDeathDate%22%3A%22cumDailyNsoDeathsByDeathDate%22%2C%22hospitalCases%22%3A%22hospitalCases%22%2C%22newCasesBySpecimenDate%22%3A%22newCasesBySpecimenDate%22%7D&format=json&page=1 HTTP/1.1" 200 None
DEBUG:urllib3.connectionpool:Starting new HTTPS connection (1): api.coronavirus.data.gov.uk:443
DEBUG:urllib3.connectionpool:https://api.coronavirus.data.gov.uk:443 "GET /v1/data?filters=areaName%3DExeter%3BareaType%3Dltla&structure=%7B%22areaCode%22%3A%22areaCode%22%2C%22areaName%22%3A%22areaName%22%2C%22areaType%22%3A%22areaType%22%2C%22date%22%3A%22date%22%2C%22cumDailyNsoDeathsByDeathDate%22%3A%22cumDailyNsoDeathsByDeathDate%22%2C%22hospitalCases%22%3A%22hospitalCases%22%2C%22newCasesBySpecimenDate%22%3A%22newCasesBySpecimenDate%22%7D&format=json&page=2 HTTP/1.1" 204 0
DEBUG:urllib3.connectionpool:Starting new HTTPS connection (1): api.coronavirus.data.gov.uk:443
DEBUG:urllib3.connectionpool:https://api.coronavirus.data.gov.uk:443 "GET /v1/data?filters=areaName%3DEngland%3BareaType%3Dnation&structure=%7B%22areaCode%22%3A%22areaCode%22%2C%22areaName%22%3A%22areaName%22%2C%22areaType%22%3A%22areaType%22%2C%22date%22%3A%22date%22%2C%22cumDailyNsoDeathsByDeathDate%22%3A%22cumDailyNsoDeathsByDeathDate%22%2C%22hospitalCases%22%3A%22hospitalCases%22%2C%22newCasesBySpecimenDate%22%3A%22newCasesBySpecimenDate%22%7D&format=json&page=1 HTTP/1.1" 200 None
DEBUG:urllib3.connectionpool:Starting new HTTPS connection (1): api.coronavirus.data.gov.uk:443
DEBUG:urllib3.connectionpool:https://api.coronavirus.data.gov.uk:443 "GET /v1/data?filters=areaName%3DEngland%3BareaType%3Dnation&structure=%7B%22areaCode%22%3A%22areaCode%22%2C%22areaName%22%3A%22areaName%22%2C%22areaType%22%3A%22areaType%22%2C%22date%22%3A%22date%22%2C%22cumDailyNsoDeathsByDeathDate%22%3A%22cumDailyNsoDeathsByDeathDate%22%2C%22hospitalCases%22%3A%22hospitalCases%22%2C%22newCasesBySpecimenDate%22%3A%22newCasesBySpecimenDate%22%7D&format=json&page=2 HTTP/1.1" 204 0
INFO:werkzeug: * Running on http://127.0.0.1:5000/ (Press CTRL+C to quit)
DEBUG:urllib3.connectionpool:Starting new HTTPS connection (1): api.coronavirus.data.gov.uk:443
DEBUG:urllib3.connectionpool:https://api.coronavirus.data.gov.uk:443 "GET /v1/data?filters=areaName%3DExeter%3BareaType%3Dltla&structure=%7B%22areaCode%22%3A%22areaCode%22%2C%22areaName%22%3A%22areaName%22%2C%22areaType%22%3A%22areaType%22%2C%22date%22%3A%22date%22%2C%22cumDailyNsoDeathsByDeathDate%22%3A%22cumDailyNsoDeathsByDeathDate%22%2C%22hospitalCases%22%3A%22hospitalCases%22%2C%22newCasesBySpecimenDate%22%3A%22newCasesBySpecimenDate%22%7D&format=json&page=1 HTTP/1.1" 200 None
DEBUG:urllib3.connectionpool:Starting new HTTPS connection (1): api.coronavirus.data.gov.uk:443
DEBUG:urllib3.connectionpool:https://api.coronavirus.data.gov.uk:443 "GET /v1/data?filters=areaName%3DExeter%3BareaType%3Dltla&structure=%7B%22areaCode%22%3A%22areaCode%22%2C%22areaName%22%3A%22areaName%22%2C%22areaType%22%3A%22areaType%22%2C%22date%22%3A%22date%22%2C%22cumDailyNsoDeathsByDeathDate%22%3A%22cumDailyNsoDeathsByDeathDate%22%2C%22hospitalCases%22%3A%22hospitalCases%22%2C%22newCasesBySpecimenDate%22%3A%22newCasesBySpecimenDate%22%7D&format=json&page=2 HTTP/1.1" 204 0
DEBUG:urllib3.connectionpool:Starting new HTTPS connection (1): api.coronavirus.data.gov.uk:443
DEBUG:urllib3.connectionpool:https://api.coronavirus.data.gov.uk:443 "GET /v1/data?filters=areaName%3DExeter%3BareaType%3Dltla&structure=%7B%22areaCode%22%3A%22areaCode%22%2C%22areaName%22%3A%22areaName%22%2C%22areaType%22%3A%22areaType%22%2C%22date%22%3A%22date%22%2C%22cumDailyNsoDeathsByDeathDate%22%3A%22cumDailyNsoDeathsByDeathDate%22%2C%22hospitalCases%22%3A%22hospitalCases%22%2C%22newCasesBySpecimenDate%22%3A%22newCasesBySpecimenDate%22%7D&format=json&page=1 HTTP/1.1" 200 None
DEBUG:urllib3.connectionpool:Starting new HTTPS connection (1): api.coronavirus.data.gov.uk:443
DEBUG:urllib3.connectionpool:https://api.coronavirus.data.gov.uk:443 "GET /v1/data?filters=areaName%3DExeter%3BareaType%3Dltla&structure=%7B%22areaCode%22%3A%22areaCode%22%2C%22areaName%22%3A%22areaName%22%2C%22areaType%22%3A%22areaType%22%2C%22date%22%3A%22date%22%2C%22cumDailyNsoDeathsByDeathDate%22%3A%22cumDailyNsoDeathsByDeathDate%22%2C%22hospitalCases%22%3A%22hospitalCases%22%2C%22newCasesBySpecimenDate%22%3A%22newCasesBySpecimenDate%22%7D&format=json&page=2 HTTP/1.1" 204 0
DEBUG:urllib3.connectionpool:Starting new HTTPS connection (1): api.coronavirus.data.gov.uk:443
DEBUG:urllib3.connectionpool:https://api.coronavirus.data.gov.uk:443 "GET /v1/data?filters=areaName%3Dabc%3BareaType%3DNation&structure=%7B%22areaCode%22%3A%22areaCode%22%2C%22areaName%22%3A%22areaName%22%2C%22areaType%22%3A%22areaType%22%2C%22date%22%3A%22date%22%2C%22cumDailyNsoDeathsByDeathDate%22%3A%22cumDailyNsoDeathsByDeathDate%22%2C%22hospitalCases%22%3A%22hospitalCases%22%2C%22newCasesBySpecimenDate%22%3A%22newCasesBySpecimenDate%22%7D&format=json&page=1 HTTP/1.1" 204 0
DEBUG:urllib3.connectionpool:Starting new HTTPS connection (1): api.coronavirus.data.gov.uk:443
DEBUG:urllib3.connectionpool:https://api.coronavirus.data.gov.uk:443 "HEAD /v1/data?filters=areaName%3Dabc%3BareaType%3DNation&structure=%7B%22areaCode%22%3A%22areaCode%22%2C%22areaName%22%3A%22areaName%22%2C%22areaType%22%3A%22areaType%22%2C%22date%22%3A%22date%22%2C%22cumDailyNsoDeathsByDeathDate%22%3A%22cumDailyNsoDeathsByDeathDate%22%2C%22hospitalCases%22%3A%22hospitalCases%22%2C%22newCasesBySpecimenDate%22%3A%22newCasesBySpecimenDate%22%7D HTTP/1.1" 204 0
ERROR:root:No key provided in config file
WARNING:root:No News API Key Provided
ERROR:root:Error in news_API_request
WARNING:root:No News API Key Provided
ERROR:root:Error with update_news function
WARNING:root:No News API Key Provided
ERROR:root:Error in update news
INFO:root:Tests completed running
INFO:werkzeug:127.0.0.1 - - [08/Dec/2021 11:33:18] "GET /index HTTP/1.1" 200 -
INFO:werkzeug:127.0.0.1 - - [08/Dec/2021 11:33:18] "[36mGET /static/images/covid_image.jpeg HTTP/1.1[0m" 304 -
INFO:werkzeug:127.0.0.1 - - [08/Dec/2021 11:33:46] "GET /index?update=11%3A34&two=Alarm&repeat=repeat&covid-data=covid-data&news=news HTTP/1.1" 200 -
INFO:werkzeug:127.0.0.1 - - [08/Dec/2021 11:33:46] "[36mGET /static/images/covid_image.jpeg HTTP/1.1[0m" 304 -
DEBUG:urllib3.connectionpool:Starting new HTTPS connection (1): api.coronavirus.data.gov.uk:443
DEBUG:urllib3.connectionpool:https://api.coronavirus.data.gov.uk:443 "GET /v1/data?filters=areaName%3DExeter%3BareaType%3Dltla&structure=%7B%22areaCode%22%3A%22areaCode%22%2C%22areaName%22%3A%22areaName%22%2C%22areaType%22%3A%22areaType%22%2C%22date%22%3A%22date%22%2C%22cumDailyNsoDeathsByDeathDate%22%3A%22cumDailyNsoDeathsByDeathDate%22%2C%22hospitalCases%22%3A%22hospitalCases%22%2C%22newCasesBySpecimenDate%22%3A%22newCasesBySpecimenDate%22%7D&format=json&page=1 HTTP/1.1" 200 None
DEBUG:urllib3.connectionpool:Starting new HTTPS connection (1): api.coronavirus.data.gov.uk:443
DEBUG:urllib3.connectionpool:https://api.coronavirus.data.gov.uk:443 "GET /v1/data?filters=areaName%3DExeter%3BareaType%3Dltla&structure=%7B%22areaCode%22%3A%22areaCode%22%2C%22areaName%22%3A%22areaName%22%2C%22areaType%22%3A%22areaType%22%2C%22date%22%3A%22date%22%2C%22cumDailyNsoDeathsByDeathDate%22%3A%22cumDailyNsoDeathsByDeathDate%22%2C%22hospitalCases%22%3A%22hospitalCases%22%2C%22newCasesBySpecimenDate%22%3A%22newCasesBySpecimenDate%22%7D&format=json&page=2 HTTP/1.1" 204 0
DEBUG:urllib3.connectionpool:Starting new HTTPS connection (1): api.coronavirus.data.gov.uk:443
DEBUG:urllib3.connectionpool:https://api.coronavirus.data.gov.uk:443 "GET /v1/data?filters=areaName%3DEngland%3BareaType%3Dnation&structure=%7B%22areaCode%22%3A%22areaCode%22%2C%22areaName%22%3A%22areaName%22%2C%22areaType%22%3A%22areaType%22%2C%22date%22%3A%22date%22%2C%22cumDailyNsoDeathsByDeathDate%22%3A%22cumDailyNsoDeathsByDeathDate%22%2C%22hospitalCases%22%3A%22hospitalCases%22%2C%22newCasesBySpecimenDate%22%3A%22newCasesBySpecimenDate%22%7D&format=json&page=1 HTTP/1.1" 200 None
DEBUG:urllib3.connectionpool:Starting new HTTPS connection (1): api.coronavirus.data.gov.uk:443
DEBUG:urllib3.connectionpool:https://api.coronavirus.data.gov.uk:443 "GET /v1/data?filters=areaName%3DEngland%3BareaType%3Dnation&structure=%7B%22areaCode%22%3A%22areaCode%22%2C%22areaName%22%3A%22areaName%22%2C%22areaType%22%3A%22areaType%22%2C%22date%22%3A%22date%22%2C%22cumDailyNsoDeathsByDeathDate%22%3A%22cumDailyNsoDeathsByDeathDate%22%2C%22hospitalCases%22%3A%22hospitalCases%22%2C%22newCasesBySpecimenDate%22%3A%22newCasesBySpecimenDate%22%7D&format=json&page=2 HTTP/1.1" 204 0
WARNING:root:No News API Key Provided
INFO:root:Event already present
INFO:werkzeug:127.0.0.1 - - [08/Dec/2021 11:34:08] "GET /index?update=11%3A34&two=Alarm&repeat=repeat&covid-data=covid-data&news=news HTTP/1.1" 200 -
INFO:werkzeug:127.0.0.1 - - [08/Dec/2021 11:34:08] "[36mGET /static/images/covid_image.jpeg HTTP/1.1[0m" 304 -
